2025-01-18 06:01:58 [main] INFO  c.e.s.SupplierGatewayApplication - Starting SupplierGatewayApplication v0.0.1-SNAPSHOT using Java 17.0.2 with PID 1 (/app/app.jar started by root in /app)
2025-01-18 06:01:58 [main] INFO  c.e.s.SupplierGatewayApplication - No active profile set, falling back to 1 default profile: "default"
2025-01-18 06:02:02 [main] INFO  o.s.d.r.c.RepositoryConfigurationDelegate - Multiple Spring Data modules found, entering strict repository configuration mode
2025-01-18 06:02:02 [main] INFO  o.s.d.r.c.RepositoryConfigurationDelegate - Bootstrapping Spring Data Redis repositories in DEFAULT mode.
2025-01-18 06:02:02 [main] INFO  o.s.d.r.c.RepositoryConfigurationDelegate - Finished Spring Data repository scanning in 24 ms. Found 0 Redis repository interfaces.
2025-01-18 06:02:03 [main] INFO  o.s.b.w.e.tomcat.TomcatWebServer - Tomcat initialized with port 8082 (http)
2025-01-18 06:02:03 [main] INFO  o.s.b.w.s.c.ServletWebServerApplicationContext - Root WebApplicationContext: initialization completed in 4759 ms
2025-01-18 06:02:06 [main] INFO  o.s.b.a.e.web.EndpointLinksResolver - Exposing 3 endpoints beneath base path '/actuator'
2025-01-18 06:02:06 [main] INFO  o.s.b.w.e.tomcat.TomcatWebServer - Tomcat started on port 8082 (http) with context path '/'
2025-01-18 06:02:06 [main] INFO  c.e.s.SupplierGatewayApplication - Started SupplierGatewayApplication in 9.45 seconds (process running for 12.212)
2025-01-18 06:04:48 [main] INFO  c.e.s.SupplierGatewayApplication - Starting SupplierGatewayApplication v0.0.1-SNAPSHOT using Java 17.0.2 with PID 1 (/app/app.jar started by root in /app)
2025-01-18 06:04:48 [main] INFO  c.e.s.SupplierGatewayApplication - No active profile set, falling back to 1 default profile: "default"
2025-01-18 06:04:54 [main] INFO  o.s.d.r.c.RepositoryConfigurationDelegate - Multiple Spring Data modules found, entering strict repository configuration mode
2025-01-18 06:04:54 [main] INFO  o.s.d.r.c.RepositoryConfigurationDelegate - Bootstrapping Spring Data Redis repositories in DEFAULT mode.
2025-01-18 06:04:54 [main] INFO  o.s.d.r.c.RepositoryConfigurationDelegate - Finished Spring Data repository scanning in 68 ms. Found 0 Redis repository interfaces.
2025-01-18 06:04:56 [main] INFO  o.s.b.w.e.tomcat.TomcatWebServer - Tomcat initialized with port 8082 (http)
2025-01-18 06:04:56 [main] INFO  o.a.coyote.http11.Http11NioProtocol - Initializing ProtocolHandler ["http-nio-8082"]
2025-01-18 06:04:56 [main] INFO  o.a.catalina.core.StandardService - Starting service [Tomcat]
2025-01-18 06:04:56 [main] INFO  o.a.catalina.core.StandardEngine - Starting Servlet engine: [Apache Tomcat/10.1.34]
2025-01-18 06:04:57 [main] INFO  o.a.c.c.C.[Tomcat].[localhost].[/] - Initializing Spring embedded WebApplicationContext
2025-01-18 06:04:57 [main] INFO  o.s.b.w.s.c.ServletWebServerApplicationContext - Root WebApplicationContext: initialization completed in 7447 ms
2025-01-18 06:05:04 [main] INFO  o.s.b.a.e.web.EndpointLinksResolver - Exposing 3 endpoints beneath base path '/actuator'
2025-01-18 06:05:04 [main] INFO  o.a.coyote.http11.Http11NioProtocol - Starting ProtocolHandler ["http-nio-8082"]
2025-01-18 06:05:04 [main] INFO  o.s.b.w.e.tomcat.TomcatWebServer - Tomcat started on port 8082 (http) with context path '/'
2025-01-18 06:05:04 [main] INFO  c.e.s.SupplierGatewayApplication - Started SupplierGatewayApplication in 18.503 seconds (process running for 21.311)
2025-01-18 06:05:14 [http-nio-8082-exec-1] INFO  o.a.c.c.C.[Tomcat].[localhost].[/] - Initializing Spring DispatcherServlet 'dispatcherServlet'
2025-01-18 06:05:14 [http-nio-8082-exec-1] INFO  o.s.web.servlet.DispatcherServlet - Initializing Servlet 'dispatcherServlet'
2025-01-18 06:05:14 [http-nio-8082-exec-1] INFO  o.s.web.servlet.DispatcherServlet - Completed initialization in 41 ms
2025-01-18 06:06:22 [http-nio-8082-exec-5] WARN  o.s.w.s.m.s.DefaultHandlerExceptionResolver - Resolved [org.springframework.web.context.request.async.AsyncRequestNotUsableException: ServletOutputStream failed to flush: java.io.IOException: Broken pipe]
2025-01-18 06:10:16 [main] INFO  c.e.s.SupplierGatewayApplication - Starting SupplierGatewayApplication v0.0.1-SNAPSHOT using Java 17.0.2 with PID 1 (/app/app.jar started by root in /app)
2025-01-18 06:10:16 [main] INFO  c.e.s.SupplierGatewayApplication - No active profile set, falling back to 1 default profile: "default"
2025-01-18 06:10:18 [main] INFO  o.s.d.r.c.RepositoryConfigurationDelegate - Multiple Spring Data modules found, entering strict repository configuration mode
2025-01-18 06:10:18 [main] INFO  o.s.d.r.c.RepositoryConfigurationDelegate - Bootstrapping Spring Data Redis repositories in DEFAULT mode.
2025-01-18 06:10:18 [main] INFO  o.s.d.r.c.RepositoryConfigurationDelegate - Finished Spring Data repository scanning in 30 ms. Found 0 Redis repository interfaces.
2025-01-18 06:10:19 [main] INFO  o.s.b.w.e.tomcat.TomcatWebServer - Tomcat initialized with port 8082 (http)
2025-01-18 06:10:19 [main] INFO  o.a.coyote.http11.Http11NioProtocol - Initializing ProtocolHandler ["http-nio-8082"]
2025-01-18 06:10:19 [main] INFO  o.a.catalina.core.StandardService - Starting service [Tomcat]
2025-01-18 06:10:19 [main] INFO  o.a.catalina.core.StandardEngine - Starting Servlet engine: [Apache Tomcat/10.1.34]
2025-01-18 06:10:19 [main] INFO  o.a.c.c.C.[Tomcat].[localhost].[/] - Initializing Spring embedded WebApplicationContext
2025-01-18 06:10:19 [main] INFO  o.s.b.w.s.c.ServletWebServerApplicationContext - Root WebApplicationContext: initialization completed in 2452 ms
2025-01-18 06:10:21 [main] INFO  o.s.b.a.e.web.EndpointLinksResolver - Exposing 3 endpoints beneath base path '/actuator'
2025-01-18 06:10:21 [main] INFO  o.a.coyote.http11.Http11NioProtocol - Starting ProtocolHandler ["http-nio-8082"]
2025-01-18 06:10:21 [main] INFO  o.s.b.w.e.tomcat.TomcatWebServer - Tomcat started on port 8082 (http) with context path '/'
2025-01-18 06:10:21 [main] INFO  c.e.s.SupplierGatewayApplication - Started SupplierGatewayApplication in 5.463 seconds (process running for 6.405)
2025-01-18 06:10:44 [http-nio-8082-exec-1] INFO  o.a.c.c.C.[Tomcat].[localhost].[/] - Initializing Spring DispatcherServlet 'dispatcherServlet'
2025-01-18 06:10:44 [http-nio-8082-exec-1] INFO  o.s.web.servlet.DispatcherServlet - Initializing Servlet 'dispatcherServlet'
2025-01-18 06:10:44 [http-nio-8082-exec-1] INFO  o.s.web.servlet.DispatcherServlet - Completed initialization in 2 ms
2025-01-18 06:12:20 [http-nio-8082-exec-2] INFO  c.e.s.controllers.GatewayController - GET request for getting suppliers with (page: 0, size: 10)
2025-01-18 06:16:28 [main] INFO  c.e.s.SupplierGatewayApplication - Starting SupplierGatewayApplication v0.0.1-SNAPSHOT using Java 17.0.2 with PID 1 (/app/app.jar started by root in /app)
2025-01-18 06:16:28 [main] INFO  c.e.s.SupplierGatewayApplication - No active profile set, falling back to 1 default profile: "default"
2025-01-18 06:16:29 [main] INFO  o.s.d.r.c.RepositoryConfigurationDelegate - Multiple Spring Data modules found, entering strict repository configuration mode
2025-01-18 06:16:29 [main] INFO  o.s.d.r.c.RepositoryConfigurationDelegate - Bootstrapping Spring Data Redis repositories in DEFAULT mode.
2025-01-18 06:16:29 [main] INFO  o.s.d.r.c.RepositoryConfigurationDelegate - Finished Spring Data repository scanning in 7 ms. Found 0 Redis repository interfaces.
2025-01-18 06:16:29 [main] INFO  o.s.b.w.e.tomcat.TomcatWebServer - Tomcat initialized with port 8082 (http)
2025-01-18 06:16:29 [main] INFO  o.a.coyote.http11.Http11NioProtocol - Initializing ProtocolHandler ["http-nio-8082"]
2025-01-18 06:16:29 [main] INFO  o.a.catalina.core.StandardService - Starting service [Tomcat]
2025-01-18 06:16:29 [main] INFO  o.a.catalina.core.StandardEngine - Starting Servlet engine: [Apache Tomcat/10.1.34]
2025-01-18 06:16:29 [main] INFO  o.a.c.c.C.[Tomcat].[localhost].[/] - Initializing Spring embedded WebApplicationContext
2025-01-18 06:16:29 [main] INFO  o.s.b.w.s.c.ServletWebServerApplicationContext - Root WebApplicationContext: initialization completed in 927 ms
2025-01-18 06:16:30 [main] INFO  o.s.b.a.e.web.EndpointLinksResolver - Exposing 3 endpoints beneath base path '/actuator'
2025-01-18 06:16:30 [main] INFO  o.a.coyote.http11.Http11NioProtocol - Starting ProtocolHandler ["http-nio-8082"]
2025-01-18 06:16:30 [main] INFO  o.s.b.w.e.tomcat.TomcatWebServer - Tomcat started on port 8082 (http) with context path '/'
2025-01-18 06:16:30 [main] INFO  c.e.s.SupplierGatewayApplication - Started SupplierGatewayApplication in 2.303 seconds (process running for 2.729)
2025-01-18 06:16:34 [http-nio-8082-exec-1] INFO  o.a.c.c.C.[Tomcat].[localhost].[/] - Initializing Spring DispatcherServlet 'dispatcherServlet'
2025-01-18 06:16:34 [http-nio-8082-exec-1] INFO  o.s.web.servlet.DispatcherServlet - Initializing Servlet 'dispatcherServlet'
2025-01-18 06:16:34 [http-nio-8082-exec-1] INFO  o.s.web.servlet.DispatcherServlet - Completed initialization in 3 ms
2025-01-18 20:02:34 [main] INFO  c.e.s.SupplierGatewayApplication - Starting SupplierGatewayApplication v0.0.1-SNAPSHOT using Java 17.0.2 with PID 1 (/app/app.jar started by root in /app)
2025-01-18 20:02:34 [main] INFO  c.e.s.SupplierGatewayApplication - No active profile set, falling back to 1 default profile: "default"
2025-01-18 20:02:39 [main] INFO  o.s.d.r.c.RepositoryConfigurationDelegate - Multiple Spring Data modules found, entering strict repository configuration mode
2025-01-18 20:02:39 [main] INFO  o.s.d.r.c.RepositoryConfigurationDelegate - Bootstrapping Spring Data Redis repositories in DEFAULT mode.
2025-01-18 20:02:39 [main] INFO  o.s.d.r.c.RepositoryConfigurationDelegate - Finished Spring Data repository scanning in 30 ms. Found 0 Redis repository interfaces.
2025-01-18 20:02:40 [main] INFO  o.s.b.w.e.tomcat.TomcatWebServer - Tomcat initialized with port 8082 (http)
2025-01-18 20:02:41 [main] INFO  o.s.b.w.s.c.ServletWebServerApplicationContext - Root WebApplicationContext: initialization completed in 6211 ms
2025-01-18 20:02:44 [main] INFO  o.s.b.a.e.web.EndpointLinksResolver - Exposing 3 endpoints beneath base path '/actuator'
2025-01-18 20:02:44 [main] INFO  o.s.b.w.e.tomcat.TomcatWebServer - Tomcat started on port 8082 (http) with context path '/'
2025-01-18 20:02:44 [main] INFO  c.e.s.SupplierGatewayApplication - Started SupplierGatewayApplication in 12.889 seconds (process running for 16.47)
2025-01-18 21:24:59 [main] INFO  c.e.s.SupplierGatewayApplication - Starting SupplierGatewayApplication v0.0.1-SNAPSHOT using Java 17.0.2 with PID 1 (/app/app.jar started by root in /app)
2025-01-18 21:24:59 [main] INFO  c.e.s.SupplierGatewayApplication - No active profile set, falling back to 1 default profile: "default"
2025-01-18 21:25:08 [main] INFO  o.s.d.r.c.RepositoryConfigurationDelegate - Multiple Spring Data modules found, entering strict repository configuration mode
2025-01-18 21:25:08 [main] INFO  o.s.d.r.c.RepositoryConfigurationDelegate - Bootstrapping Spring Data Redis repositories in DEFAULT mode.
2025-01-18 21:25:08 [main] INFO  o.s.d.r.c.RepositoryConfigurationDelegate - Finished Spring Data repository scanning in 132 ms. Found 0 Redis repository interfaces.
2025-01-18 21:25:13 [main] INFO  o.s.b.w.e.tomcat.TomcatWebServer - Tomcat initialized with port 8082 (http)
2025-01-18 21:25:13 [main] INFO  o.a.coyote.http11.Http11NioProtocol - Initializing ProtocolHandler ["http-nio-8082"]
2025-01-18 21:25:13 [main] INFO  o.a.catalina.core.StandardService - Starting service [Tomcat]
2025-01-18 21:25:13 [main] INFO  o.a.catalina.core.StandardEngine - Starting Servlet engine: [Apache Tomcat/10.1.34]
2025-01-18 21:25:13 [main] INFO  o.a.c.c.C.[Tomcat].[localhost].[/] - Initializing Spring embedded WebApplicationContext
2025-01-18 21:25:13 [main] INFO  o.s.b.w.s.c.ServletWebServerApplicationContext - Root WebApplicationContext: initialization completed in 14183 ms
2025-01-18 21:25:22 [main] INFO  o.s.b.a.e.web.EndpointLinksResolver - Exposing 3 endpoints beneath base path '/actuator'
2025-01-18 21:25:22 [main] INFO  o.a.coyote.http11.Http11NioProtocol - Starting ProtocolHandler ["http-nio-8082"]
2025-01-18 21:25:22 [main] INFO  o.s.b.w.e.tomcat.TomcatWebServer - Tomcat started on port 8082 (http) with context path '/'
2025-01-18 21:25:22 [main] INFO  c.e.s.SupplierGatewayApplication - Started SupplierGatewayApplication in 26.468 seconds (process running for 32.21)
2025-01-18 21:25:25 [http-nio-8082-exec-1] INFO  o.a.c.c.C.[Tomcat].[localhost].[/] - Initializing Spring DispatcherServlet 'dispatcherServlet'
2025-01-18 21:25:25 [http-nio-8082-exec-1] INFO  o.s.web.servlet.DispatcherServlet - Initializing Servlet 'dispatcherServlet'
2025-01-18 21:25:25 [http-nio-8082-exec-1] INFO  o.s.web.servlet.DispatcherServlet - Completed initialization in 20 ms
2025-01-18 21:27:17 [http-nio-8082-exec-7] WARN  o.s.w.s.m.s.DefaultHandlerExceptionResolver - Resolved [org.springframework.web.context.request.async.AsyncRequestNotUsableException: ServletOutputStream failed to flush: java.io.IOException: Broken pipe]
2025-01-18 21:38:08 [http-nio-8082-exec-4] WARN  o.s.w.s.m.s.DefaultHandlerExceptionResolver - Resolved [org.springframework.web.context.request.async.AsyncRequestNotUsableException: ServletOutputStream failed to flush: java.io.IOException: Broken pipe]
2025-01-18 21:38:39 [http-nio-8082-exec-6] WARN  o.s.w.s.m.s.DefaultHandlerExceptionResolver - Resolved [org.springframework.web.context.request.async.AsyncRequestNotUsableException: ServletOutputStream failed to flush: java.io.IOException: Broken pipe]
2025-01-18 21:47:50 [http-nio-8082-exec-8] WARN  o.s.w.s.m.s.DefaultHandlerExceptionResolver - Resolved [org.springframework.web.context.request.async.AsyncRequestNotUsableException: ServletOutputStream failed to flush: java.io.IOException: Broken pipe]
2025-01-18 21:57:09 [http-nio-8082-exec-3] WARN  o.s.w.s.m.s.DefaultHandlerExceptionResolver - Resolved [org.springframework.web.context.request.async.AsyncRequestNotUsableException: ServletOutputStream failed to flush: java.io.IOException: Broken pipe]
2025-01-18 22:00:32 [http-nio-8082-exec-7] WARN  o.s.w.s.m.s.DefaultHandlerExceptionResolver - Resolved [org.springframework.web.context.request.async.AsyncRequestNotUsableException: ServletOutputStream failed to flush: java.io.IOException: Broken pipe]
2025-01-18 22:00:59 [http-nio-8082-exec-1] WARN  o.s.w.s.m.s.DefaultHandlerExceptionResolver - Resolved [org.springframework.web.context.request.async.AsyncRequestNotUsableException: ServletOutputStream failed to flush: java.io.IOException: Broken pipe]
2025-01-18 22:05:20 [http-nio-8082-exec-3] WARN  o.s.w.s.m.s.DefaultHandlerExceptionResolver - Resolved [org.springframework.web.context.request.async.AsyncRequestNotUsableException: ServletOutputStream failed to flush: java.io.IOException: Broken pipe]
2025-01-18 22:07:25 [http-nio-8082-exec-3] WARN  o.s.w.s.m.s.DefaultHandlerExceptionResolver - Resolved [org.springframework.web.context.request.async.AsyncRequestNotUsableException: ServletOutputStream failed to flush: java.io.IOException: Broken pipe]
2025-01-18 22:22:36 [http-nio-8082-exec-1] WARN  o.s.w.s.m.s.DefaultHandlerExceptionResolver - Resolved [org.springframework.web.context.request.async.AsyncRequestNotUsableException: ServletOutputStream failed to flush: java.io.IOException: Broken pipe]
2025-01-18 22:24:48 [http-nio-8082-exec-9] WARN  o.s.w.s.m.s.DefaultHandlerExceptionResolver - Resolved [org.springframework.web.context.request.async.AsyncRequestNotUsableException: ServletOutputStream failed to flush: java.io.IOException: Broken pipe]
2025-01-18 22:27:18 [http-nio-8082-exec-3] WARN  o.s.w.s.m.s.DefaultHandlerExceptionResolver - Resolved [org.springframework.web.context.request.async.AsyncRequestNotUsableException: ServletOutputStream failed to flush: java.io.IOException: Broken pipe]
2025-01-18 22:35:36 [http-nio-8082-exec-5] WARN  o.s.w.s.m.s.DefaultHandlerExceptionResolver - Resolved [org.springframework.web.context.request.async.AsyncRequestNotUsableException: ServletOutputStream failed to flush: java.io.IOException: Broken pipe]
2025-01-18 22:39:23 [http-nio-8082-exec-5] WARN  o.s.w.s.m.s.DefaultHandlerExceptionResolver - Resolved [org.springframework.web.context.request.async.AsyncRequestNotUsableException: ServletOutputStream failed to flush: java.io.IOException: Broken pipe]
2025-01-18 22:44:16 [http-nio-8082-exec-10] WARN  o.s.w.s.m.s.DefaultHandlerExceptionResolver - Resolved [org.springframework.web.context.request.async.AsyncRequestNotUsableException: ServletOutputStream failed to flush: java.io.IOException: Broken pipe]
2025-01-18 22:46:20 [http-nio-8082-exec-7] WARN  o.s.w.s.m.s.DefaultHandlerExceptionResolver - Resolved [org.springframework.web.context.request.async.AsyncRequestNotUsableException: ServletOutputStream failed to flush: java.io.IOException: Broken pipe]
2025-01-18 22:55:23 [main] INFO  c.e.s.SupplierGatewayApplication - Starting SupplierGatewayApplication v0.0.1-SNAPSHOT using Java 17.0.2 with PID 1 (/app/app.jar started by root in /app)
2025-01-18 22:55:24 [main] INFO  c.e.s.SupplierGatewayApplication - No active profile set, falling back to 1 default profile: "default"
2025-01-18 22:56:10 [main] INFO  o.s.d.r.c.RepositoryConfigurationDelegate - Multiple Spring Data modules found, entering strict repository configuration mode
2025-01-18 22:56:10 [main] INFO  o.s.d.r.c.RepositoryConfigurationDelegate - Bootstrapping Spring Data Redis repositories in DEFAULT mode.
2025-01-18 22:56:10 [main] INFO  o.s.d.r.c.RepositoryConfigurationDelegate - Finished Spring Data repository scanning in 275 ms. Found 0 Redis repository interfaces.
2025-01-18 22:56:47 [main] INFO  o.s.b.w.e.tomcat.TomcatWebServer - Tomcat initialized with port 8082 (http)
2025-01-18 22:56:47 [main] INFO  o.a.coyote.http11.Http11NioProtocol - Initializing ProtocolHandler ["http-nio-8082"]
2025-01-18 22:56:47 [main] INFO  o.a.catalina.core.StandardService - Starting service [Tomcat]
2025-01-18 22:56:48 [main] INFO  o.a.catalina.core.StandardEngine - Starting Servlet engine: [Apache Tomcat/10.1.34]
2025-01-18 22:56:55 [main] INFO  o.a.c.c.C.[Tomcat].[localhost].[/] - Initializing Spring embedded WebApplicationContext
2025-01-18 22:56:55 [main] INFO  o.s.b.w.s.c.ServletWebServerApplicationContext - Root WebApplicationContext: initialization completed in 88447 ms
2025-01-18 22:59:22 [main] INFO  o.s.b.a.e.web.EndpointLinksResolver - Exposing 3 endpoints beneath base path '/actuator'
2025-01-18 22:59:23 [main] INFO  o.a.coyote.http11.Http11NioProtocol - Starting ProtocolHandler ["http-nio-8082"]
2025-01-18 22:59:23 [main] INFO  o.s.b.w.e.tomcat.TomcatWebServer - Tomcat started on port 8082 (http) with context path '/'
2025-01-18 22:59:23 [main] INFO  c.e.s.SupplierGatewayApplication - Started SupplierGatewayApplication in 255.75 seconds (process running for 280.033)
2025-01-18 22:59:25 [http-nio-8082-exec-1] INFO  o.a.c.c.C.[Tomcat].[localhost].[/] - Initializing Spring DispatcherServlet 'dispatcherServlet'
2025-01-18 22:59:25 [http-nio-8082-exec-1] INFO  o.s.web.servlet.DispatcherServlet - Initializing Servlet 'dispatcherServlet'
2025-01-18 22:59:25 [http-nio-8082-exec-1] INFO  o.s.web.servlet.DispatcherServlet - Completed initialization in 5 ms
2025-01-18 23:12:09 [http-nio-8082-exec-10] WARN  o.s.w.s.m.s.DefaultHandlerExceptionResolver - Resolved [org.springframework.web.context.request.async.AsyncRequestNotUsableException: ServletOutputStream failed to flush: java.io.IOException: Broken pipe]
2025-01-18 23:15:58 [http-nio-8082-exec-3] WARN  o.s.w.s.m.s.DefaultHandlerExceptionResolver - Resolved [org.springframework.web.context.request.async.AsyncRequestNotUsableException: ServletOutputStream failed to flush: java.io.IOException: Broken pipe]
2025-01-18 23:33:09 [http-nio-8082-exec-7] WARN  o.s.w.s.m.s.DefaultHandlerExceptionResolver - Resolved [org.springframework.web.context.request.async.AsyncRequestNotUsableException: ServletOutputStream failed to flush: java.io.IOException: Broken pipe]
2025-01-18 23:40:24 [http-nio-8082-exec-4] WARN  o.s.w.s.m.s.DefaultHandlerExceptionResolver - Resolved [org.springframework.web.context.request.async.AsyncRequestNotUsableException: ServletOutputStream failed to flush: java.io.IOException: Broken pipe]
2025-01-18 23:42:50 [http-nio-8082-exec-2] WARN  o.s.w.s.m.s.DefaultHandlerExceptionResolver - Resolved [org.springframework.web.context.request.async.AsyncRequestNotUsableException: ServletOutputStream failed to flush: java.io.IOException: Broken pipe]
2025-01-18 23:43:37 [http-nio-8082-exec-8] WARN  o.s.w.s.m.s.DefaultHandlerExceptionResolver - Resolved [org.springframework.web.context.request.async.AsyncRequestNotUsableException: ServletOutputStream failed to flush: java.io.IOException: Broken pipe]
2025-01-18 23:45:38 [http-nio-8082-exec-6] WARN  o.s.w.s.m.s.DefaultHandlerExceptionResolver - Resolved [org.springframework.web.context.request.async.AsyncRequestNotUsableException: ServletOutputStream failed to flush: java.io.IOException: Broken pipe]
2025-01-18 23:46:47 [http-nio-8082-exec-1] WARN  o.s.w.s.m.s.DefaultHandlerExceptionResolver - Resolved [org.springframework.web.context.request.async.AsyncRequestNotUsableException: ServletOutputStream failed to flush: java.io.IOException: Broken pipe]
2025-01-18 23:51:19 [http-nio-8082-exec-1] WARN  o.s.w.s.m.s.DefaultHandlerExceptionResolver - Resolved [org.springframework.web.context.request.async.AsyncRequestNotUsableException: ServletOutputStream failed to flush: java.io.IOException: Broken pipe]
2025-01-18 23:53:58 [http-nio-8082-exec-1] WARN  o.s.w.s.m.s.DefaultHandlerExceptionResolver - Resolved [org.springframework.web.context.request.async.AsyncRequestNotUsableException: ServletOutputStream failed to flush: java.io.IOException: Broken pipe]
2025-01-18 23:56:38 [http-nio-8082-exec-1] WARN  o.s.w.s.m.s.DefaultHandlerExceptionResolver - Resolved [org.springframework.web.context.request.async.AsyncRequestNotUsableException: ServletOutputStream failed to flush: java.io.IOException: Broken pipe]
2025-01-19 00:15:28 [main] INFO  c.e.s.SupplierGatewayApplication - Starting SupplierGatewayApplication v0.0.1-SNAPSHOT using Java 17.0.2 with PID 1 (/app/app.jar started by root in /app)
2025-01-19 00:15:28 [main] INFO  c.e.s.SupplierGatewayApplication - No active profile set, falling back to 1 default profile: "default"
2025-01-19 00:15:35 [main] INFO  o.s.d.r.c.RepositoryConfigurationDelegate - Multiple Spring Data modules found, entering strict repository configuration mode
2025-01-19 00:15:35 [main] INFO  o.s.d.r.c.RepositoryConfigurationDelegate - Bootstrapping Spring Data Redis repositories in DEFAULT mode.
2025-01-19 00:15:35 [main] INFO  o.s.d.r.c.RepositoryConfigurationDelegate - Finished Spring Data repository scanning in 84 ms. Found 0 Redis repository interfaces.
2025-01-19 00:15:38 [main] INFO  o.s.b.w.e.tomcat.TomcatWebServer - Tomcat initialized with port 8082 (http)
2025-01-19 00:15:38 [main] INFO  o.a.coyote.http11.Http11NioProtocol - Initializing ProtocolHandler ["http-nio-8082"]
2025-01-19 00:15:38 [main] INFO  o.a.catalina.core.StandardService - Starting service [Tomcat]
2025-01-19 00:15:38 [main] INFO  o.a.catalina.core.StandardEngine - Starting Servlet engine: [Apache Tomcat/10.1.34]
2025-01-19 00:15:38 [main] INFO  o.a.c.c.C.[Tomcat].[localhost].[/] - Initializing Spring embedded WebApplicationContext
2025-01-19 00:15:38 [main] INFO  o.s.b.w.s.c.ServletWebServerApplicationContext - Root WebApplicationContext: initialization completed in 10016 ms
2025-01-19 00:15:48 [main] INFO  o.s.b.a.e.web.EndpointLinksResolver - Exposing 3 endpoints beneath base path '/actuator'
2025-01-19 00:15:48 [main] INFO  o.a.coyote.http11.Http11NioProtocol - Starting ProtocolHandler ["http-nio-8082"]
2025-01-19 00:15:48 [main] INFO  o.s.b.w.e.tomcat.TomcatWebServer - Tomcat started on port 8082 (http) with context path '/'
2025-01-19 00:15:48 [main] INFO  c.e.s.SupplierGatewayApplication - Started SupplierGatewayApplication in 23.35 seconds (process running for 26.432)
2025-01-19 00:15:54 [http-nio-8082-exec-1] INFO  o.a.c.c.C.[Tomcat].[localhost].[/] - Initializing Spring DispatcherServlet 'dispatcherServlet'
2025-01-19 00:15:54 [http-nio-8082-exec-1] INFO  o.s.web.servlet.DispatcherServlet - Initializing Servlet 'dispatcherServlet'
2025-01-19 00:15:54 [http-nio-8082-exec-1] INFO  o.s.web.servlet.DispatcherServlet - Completed initialization in 5 ms
2025-01-19 00:17:45 [http-nio-8082-exec-10] WARN  o.s.w.s.m.s.DefaultHandlerExceptionResolver - Resolved [org.springframework.web.context.request.async.AsyncRequestNotUsableException: ServletOutputStream failed to flush: java.io.IOException: Broken pipe]
2025-01-19 00:21:40 [http-nio-8082-exec-2] WARN  o.s.w.s.m.s.DefaultHandlerExceptionResolver - Resolved [org.springframework.web.context.request.async.AsyncRequestNotUsableException: ServletOutputStream failed to flush: java.io.IOException: Broken pipe]
2025-01-19 00:27:31 [http-nio-8082-exec-2] WARN  o.s.w.s.m.s.DefaultHandlerExceptionResolver - Resolved [org.springframework.web.context.request.async.AsyncRequestNotUsableException: ServletOutputStream failed to flush: java.io.IOException: Broken pipe]
2025-01-19 00:32:17 [http-nio-8082-exec-10] WARN  o.s.w.s.m.s.DefaultHandlerExceptionResolver - Resolved [org.springframework.web.context.request.async.AsyncRequestNotUsableException: ServletOutputStream failed to flush: java.io.IOException: Broken pipe]
2025-01-19 00:35:35 [http-nio-8082-exec-5] WARN  o.s.w.s.m.s.DefaultHandlerExceptionResolver - Resolved [org.springframework.web.context.request.async.AsyncRequestNotUsableException: ServletOutputStream failed to flush: java.io.IOException: Broken pipe]
2025-01-19 00:40:38 [http-nio-8082-exec-9] WARN  o.s.w.s.m.s.DefaultHandlerExceptionResolver - Resolved [org.springframework.web.context.request.async.AsyncRequestNotUsableException: ServletOutputStream failed to flush: java.io.IOException: Broken pipe]
2025-01-19 00:44:51 [http-nio-8082-exec-8] WARN  o.s.w.s.m.s.DefaultHandlerExceptionResolver - Resolved [org.springframework.web.context.request.async.AsyncRequestNotUsableException: ServletOutputStream failed to flush: java.io.IOException: Broken pipe]
2025-01-19 00:54:47 [http-nio-8082-exec-2] WARN  o.s.w.s.m.s.DefaultHandlerExceptionResolver - Resolved [org.springframework.web.context.request.async.AsyncRequestNotUsableException: ServletOutputStream failed to flush: java.io.IOException: Broken pipe]
2025-01-19 01:02:19 [main] INFO  c.e.s.SupplierGatewayApplication - Starting SupplierGatewayApplication v0.0.1-SNAPSHOT using Java 17.0.2 with PID 1 (/app/app.jar started by root in /app)
2025-01-19 01:02:19 [main] INFO  c.e.s.SupplierGatewayApplication - No active profile set, falling back to 1 default profile: "default"
2025-01-19 01:02:24 [main] INFO  o.s.d.r.c.RepositoryConfigurationDelegate - Multiple Spring Data modules found, entering strict repository configuration mode
2025-01-19 01:02:24 [main] INFO  o.s.d.r.c.RepositoryConfigurationDelegate - Bootstrapping Spring Data Redis repositories in DEFAULT mode.
2025-01-19 01:02:24 [main] INFO  o.s.d.r.c.RepositoryConfigurationDelegate - Finished Spring Data repository scanning in 45 ms. Found 0 Redis repository interfaces.
2025-01-19 01:02:26 [main] INFO  o.s.b.w.e.tomcat.TomcatWebServer - Tomcat initialized with port 8082 (http)
2025-01-19 01:02:26 [main] INFO  o.a.coyote.http11.Http11NioProtocol - Initializing ProtocolHandler ["http-nio-8082"]
2025-01-19 01:02:26 [main] INFO  o.a.catalina.core.StandardService - Starting service [Tomcat]
2025-01-19 01:02:26 [main] INFO  o.a.catalina.core.StandardEngine - Starting Servlet engine: [Apache Tomcat/10.1.34]
2025-01-19 01:02:26 [main] INFO  o.a.c.c.C.[Tomcat].[localhost].[/] - Initializing Spring embedded WebApplicationContext
2025-01-19 01:02:26 [main] INFO  o.s.b.w.s.c.ServletWebServerApplicationContext - Root WebApplicationContext: initialization completed in 7331 ms
2025-01-19 01:02:33 [main] INFO  o.s.b.a.e.web.EndpointLinksResolver - Exposing 3 endpoints beneath base path '/actuator'
2025-01-19 01:02:33 [main] INFO  o.a.coyote.http11.Http11NioProtocol - Starting ProtocolHandler ["http-nio-8082"]
2025-01-19 01:02:33 [main] INFO  o.s.b.w.e.tomcat.TomcatWebServer - Tomcat started on port 8082 (http) with context path '/'
2025-01-19 01:02:33 [main] INFO  c.e.s.SupplierGatewayApplication - Started SupplierGatewayApplication in 16.522 seconds (process running for 19.583)
2025-01-19 01:02:34 [http-nio-8082-exec-1] INFO  o.a.c.c.C.[Tomcat].[localhost].[/] - Initializing Spring DispatcherServlet 'dispatcherServlet'
2025-01-19 01:02:34 [http-nio-8082-exec-1] INFO  o.s.web.servlet.DispatcherServlet - Initializing Servlet 'dispatcherServlet'
2025-01-19 01:02:34 [http-nio-8082-exec-1] INFO  o.s.web.servlet.DispatcherServlet - Completed initialization in 3 ms
2025-01-19 01:03:53 [main] INFO  c.e.s.SupplierGatewayApplication - Starting SupplierGatewayApplication v0.0.1-SNAPSHOT using Java 17.0.2 with PID 1 (/app/app.jar started by root in /app)
2025-01-19 01:03:53 [main] INFO  c.e.s.SupplierGatewayApplication - No active profile set, falling back to 1 default profile: "default"
2025-01-19 01:03:58 [main] INFO  o.s.d.r.c.RepositoryConfigurationDelegate - Multiple Spring Data modules found, entering strict repository configuration mode
2025-01-19 01:03:58 [main] INFO  o.s.d.r.c.RepositoryConfigurationDelegate - Bootstrapping Spring Data Redis repositories in DEFAULT mode.
2025-01-19 01:03:58 [main] INFO  o.s.d.r.c.RepositoryConfigurationDelegate - Finished Spring Data repository scanning in 18 ms. Found 0 Redis repository interfaces.
2025-01-19 01:03:59 [main] INFO  o.s.b.w.e.tomcat.TomcatWebServer - Tomcat initialized with port 8082 (http)
2025-01-19 01:03:59 [main] INFO  o.a.coyote.http11.Http11NioProtocol - Initializing ProtocolHandler ["http-nio-8082"]
2025-01-19 01:03:59 [main] INFO  o.a.catalina.core.StandardService - Starting service [Tomcat]
2025-01-19 01:03:59 [main] INFO  o.a.catalina.core.StandardEngine - Starting Servlet engine: [Apache Tomcat/10.1.34]
2025-01-19 01:03:59 [main] INFO  o.a.c.c.C.[Tomcat].[localhost].[/] - Initializing Spring embedded WebApplicationContext
2025-01-19 01:03:59 [main] INFO  o.s.b.w.s.c.ServletWebServerApplicationContext - Root WebApplicationContext: initialization completed in 6417 ms
2025-01-19 01:04:05 [main] INFO  o.s.b.a.e.web.EndpointLinksResolver - Exposing 3 endpoints beneath base path '/actuator'
2025-01-19 01:04:05 [main] INFO  o.a.coyote.http11.Http11NioProtocol - Starting ProtocolHandler ["http-nio-8082"]
2025-01-19 01:04:05 [main] INFO  o.s.b.w.e.tomcat.TomcatWebServer - Tomcat started on port 8082 (http) with context path '/'
2025-01-19 01:04:05 [main] INFO  c.e.s.SupplierGatewayApplication - Started SupplierGatewayApplication in 13.379 seconds (process running for 15.648)
2025-01-19 01:04:14 [http-nio-8082-exec-1] INFO  o.a.c.c.C.[Tomcat].[localhost].[/] - Initializing Spring DispatcherServlet 'dispatcherServlet'
2025-01-19 01:04:14 [http-nio-8082-exec-1] INFO  o.s.web.servlet.DispatcherServlet - Initializing Servlet 'dispatcherServlet'
2025-01-19 01:04:14 [http-nio-8082-exec-1] INFO  o.s.web.servlet.DispatcherServlet - Completed initialization in 4 ms
2025-01-19 01:11:44 [http-nio-8082-exec-6] INFO  c.e.s.controllers.GatewayController - GET request for getting suppliers with (page: 0, size: 10)
2025-01-19 01:17:23 [http-nio-8082-exec-3] INFO  c.e.s.controllers.GatewayController - POST request for creating (supplier: SupplierRequest(name=ООО Системы 2, contactPerson=Я3, phone=89107779933))
2025-01-19 01:17:23 [http-nio-8082-exec-3] INFO  o.s.a.r.c.CachingConnectionFactory - Attempting to connect to: [rabbitmq:5672]
2025-01-19 01:17:23 [http-nio-8082-exec-3] INFO  o.s.a.r.c.CachingConnectionFactory - Created new connection: rabbitConnectionFactory#3cf55e0c:0/SimpleConnection@466397c2 [delegate=amqp://guest@172.20.0.4:5672/, localPort=33168]
2025-01-19 01:17:23 [http-nio-8082-exec-3] INFO  o.s.amqp.rabbit.core.RabbitAdmin - Auto-declaring a non-durable, auto-delete, or exclusive Queue (eventQueue) durable:false, auto-delete:false, exclusive:false. It will be redeclared if the broker stops and is restarted while the connection factory is alive, but all messages will be lost.
2025-01-19 01:17:24 [http-nio-8082-exec-3] INFO  c.e.s.broker.MessageProducer - Message request sent in rabbit. (Message: Message(operation=CREATE, data=SupplierRequest(name=ООО Системы 2, contactPerson=Я3, phone=89107779933)))
2025-01-19 21:16:41 [main] INFO  c.e.s.SupplierGatewayApplication - Starting SupplierGatewayApplication v0.0.1-SNAPSHOT using Java 17.0.2 with PID 1 (/app/app.jar started by root in /app)
2025-01-19 21:16:41 [main] INFO  c.e.s.SupplierGatewayApplication - No active profile set, falling back to 1 default profile: "default"
2025-01-19 21:16:49 [main] INFO  o.s.d.r.c.RepositoryConfigurationDelegate - Multiple Spring Data modules found, entering strict repository configuration mode
2025-01-19 21:16:49 [main] INFO  o.s.d.r.c.RepositoryConfigurationDelegate - Bootstrapping Spring Data Redis repositories in DEFAULT mode.
2025-01-19 21:16:49 [main] INFO  o.s.d.r.c.RepositoryConfigurationDelegate - Finished Spring Data repository scanning in 93 ms. Found 0 Redis repository interfaces.
2025-01-19 21:16:52 [main] INFO  o.s.b.w.e.tomcat.TomcatWebServer - Tomcat initialized with port 8082 (http)
2025-01-19 21:16:52 [main] INFO  o.a.coyote.http11.Http11NioProtocol - Initializing ProtocolHandler ["http-nio-8082"]
2025-01-19 21:16:52 [main] INFO  o.a.catalina.core.StandardService - Starting service [Tomcat]
2025-01-19 21:16:52 [main] INFO  o.a.catalina.core.StandardEngine - Starting Servlet engine: [Apache Tomcat/10.1.34]
2025-01-19 21:16:52 [main] INFO  o.a.c.c.C.[Tomcat].[localhost].[/] - Initializing Spring embedded WebApplicationContext
2025-01-19 21:16:52 [main] INFO  o.s.b.w.s.c.ServletWebServerApplicationContext - Root WebApplicationContext: initialization completed in 11278 ms
2025-01-19 21:16:59 [main] INFO  o.s.b.a.e.web.EndpointLinksResolver - Exposing 3 endpoints beneath base path '/actuator'
2025-01-19 21:16:59 [main] INFO  o.a.coyote.http11.Http11NioProtocol - Starting ProtocolHandler ["http-nio-8082"]
2025-01-19 21:16:59 [main] INFO  o.s.b.w.e.tomcat.TomcatWebServer - Tomcat started on port 8082 (http) with context path '/'
2025-01-19 21:16:59 [main] INFO  c.e.s.SupplierGatewayApplication - Started SupplierGatewayApplication in 20.196 seconds (process running for 22.714)
2025-01-19 21:17:05 [http-nio-8082-exec-1] INFO  o.a.c.c.C.[Tomcat].[localhost].[/] - Initializing Spring DispatcherServlet 'dispatcherServlet'
2025-01-19 21:17:05 [http-nio-8082-exec-1] INFO  o.s.web.servlet.DispatcherServlet - Initializing Servlet 'dispatcherServlet'
2025-01-19 21:17:05 [http-nio-8082-exec-1] INFO  o.s.web.servlet.DispatcherServlet - Completed initialization in 13 ms
2025-01-19 21:17:13 [http-nio-8082-exec-3] WARN  o.s.w.s.m.s.DefaultHandlerExceptionResolver - Resolved [org.springframework.web.bind.MissingServletRequestParameterException: Required request parameter 'page' for method parameter type int is not present]
2025-01-19 21:17:32 [http-nio-8082-exec-5] WARN  o.s.w.s.m.s.DefaultHandlerExceptionResolver - Resolved [org.springframework.web.bind.MissingServletRequestParameterException: Required request parameter 'size' for method parameter type int is not present]
2025-01-19 21:17:39 [http-nio-8082-exec-9] INFO  c.e.s.controllers.GatewayController - GET request for getting suppliers with (page: 0, size: 10)
2025-01-19 21:17:57 [http-nio-8082-exec-3] INFO  c.e.s.controllers.GatewayController - DELETE request for deleting supplier with (id: 38)
2025-01-19 21:17:57 [http-nio-8082-exec-3] INFO  o.s.a.r.c.CachingConnectionFactory - Attempting to connect to: [rabbitmq:5672]
2025-01-19 21:17:58 [http-nio-8082-exec-3] INFO  o.s.a.r.c.CachingConnectionFactory - Created new connection: rabbitConnectionFactory#1f949ab9:0/SimpleConnection@3f907c56 [delegate=amqp://guest@172.20.0.5:5672/, localPort=33554]
2025-01-19 21:17:58 [http-nio-8082-exec-3] INFO  o.s.amqp.rabbit.core.RabbitAdmin - Auto-declaring a non-durable, auto-delete, or exclusive Queue (eventQueue) durable:false, auto-delete:false, exclusive:false. It will be redeclared if the broker stops and is restarted while the connection factory is alive, but all messages will be lost.
2025-01-19 21:17:58 [http-nio-8082-exec-3] INFO  c.e.s.broker.MessageProducer - Message request sent in rabbit. (Message: Message(operation=DELETE, data=38))
2025-01-19 21:18:03 [http-nio-8082-exec-4] WARN  o.s.w.s.m.s.DefaultHandlerExceptionResolver - Resolved [org.springframework.web.bind.MissingServletRequestParameterException: Required request parameter 'page' for method parameter type int is not present]
2025-01-19 21:18:08 [http-nio-8082-exec-5] INFO  c.e.s.controllers.GatewayController - GET request for getting suppliers with (page: 0, size: 10)
